<?xml version="1.0" encoding="UTF-8"?>
<!-- Generated by org.testng.reporters.JUnitXMLReporter -->
<testsuite hostname="DESKTOP-J505A6L" ignored="0" name="Test" tests="10" failures="0" timestamp="2022-07-30T20:32:05 IST" time="174.655" errors="0">
  <testcase name="verifyLoginPageTitleTest" time="0.471" classname="com.amazon.testcases.LoginPageTestCase"/>
  <testcase name="verifyLoginPageAmazonLogoTest" time="0.528" classname="com.amazon.testcases.LoginPageTestCase"/>
  <testcase name="verifyHomePageTitleTest" time="2.915" classname="com.amazon.testcases.HomePageTestCase"/>
  <testcase name="verifyLoggedInUserNameTest" time="3.569" classname="com.amazon.testcases.HomePageTestCase"/>
  <testcase name="verifyAmazonPayPageTitleTest" time="0.38" classname="com.amazon.testcases.AmazonPayPageTestCase"/>
  <testcase name="verifyAmazonPayPageImageTest" time="0.372" classname="com.amazon.testcases.AmazonPayPageTestCase"/>
  <testcase name="goToMobileRechargeIconTest" time="1.546" classname="com.amazon.testcases.AmazonPayPageTestCase"/>
  <testcase name="insertMobileRechargeDetailsTest" time="4.187" classname="com.amazon.testcases.MobileRechargePageTestCase"/>
  <testcase name="addMobileRechargeAndPerformPaymentWithDebitCard" time="27.434" classname="com.amazon.testcases.PaymentGatewayPageTestCase"/>
  <testcase name="removePaymentMethodDebitAndCreditCardTest" time="8.82" classname="com.amazon.testcases.PaymentGatewayPageTestCase"/>
</testsuite> <!-- Test -->
