<?xml version="1.0" encoding="UTF-8"?>
<!-- Generated by org.testng.reporters.JUnitXMLReporter -->
<testsuite ignored="1" hostname="Kishan" failures="1" tests="10" name="Test" time="117.058" errors="0" timestamp="2022-08-16T18:50:09 IST">
  <testcase classname="com.amazon.testcases.LoginPageTestCase" name="verifyLoginPageTitleTest" time="0.02"/>
  <testcase classname="com.amazon.testcases.LoginPageTestCase" name="verifyLoginPageAmazonLogoTest" time="0.036"/>
  <testcase classname="com.amazon.testcases.HomePageTestCase" name="verifyHomePageTitleTest" time="2.169"/>
  <testcase classname="com.amazon.testcases.HomePageTestCase" name="verifyLoggedInUserNameTest" time="2.057"/>
  <testcase classname="com.amazon.testcases.AmazonPayPageTestCase" name="verifyAmazonPayPageTitleTest" time="0.042"/>
  <testcase classname="com.amazon.testcases.AmazonPayPageTestCase" name="verifyAmazonPayPageImageTest" time="0.069"/>
  <testcase classname="com.amazon.testcases.AmazonPayPageTestCase" name="goToMobileRechargeIconTest" time="0.557"/>
  <testcase classname="com.amazon.testcases.MobileRechargePageTestCase" name="insertMobileRechargeDetailsTest" time="3.186"/>
  <testcase classname="com.amazon.testcases.PaymentGatewayPageTestCase" name="addMobileRechargeAndPerformPaymentWithDebitCard" time="20.607">
    <failure type="org.openqa.selenium.ElementClickInterceptedException" message="element click intercepted: Element &amp;lt;a class=&amp;quot;a-link-normal&amp;quot; target=&amp;quot;_blank&amp;quot; rel=&amp;quot;noopener&amp;quot; href=&amp;quot;/gp/help/customer/display.html?nodeId=201461830&amp;quot;&amp;gt;...&amp;lt;/a&amp;gt; is not clickable at point (159, 61). Other element would receive the click: &amp;lt;div id=&amp;quot;a-popover-modal&amp;quot; style=&amp;quot;display: block;&amp;quot;&amp;gt;&amp;lt;/div&amp;gt;
  (Session info: headless chrome=102.0.5005.63)
Build info: version: &amp;apos;4.3.0&amp;apos;, revision: &amp;apos;a4995e2c09*&amp;apos;
System info: host: &amp;apos;KISHAN&amp;apos;, ip: &amp;apos;192.168.0.102&amp;apos;, os.name: &amp;apos;Windows 11&amp;apos;, os.arch: &amp;apos;amd64&amp;apos;, os.version: &amp;apos;10.0&amp;apos;, java.version: &amp;apos;11.0.15.1&amp;apos;
Driver info: org.openqa.selenium.chrome.ChromeDriver
Command: [def712d63b928ce6f4ed6725c4af5e7c, clickElement {id=1955e908-4958-422a-aadd-b503af494f8b}]
Capabilities {acceptInsecureCerts: false, browserName: chrome, browserVersion: 102.0.5005.63, chrome: {chromedriverVersion: 102.0.5005.61 (0e59bcc00cc4..., userDataDir: C:\Users\kishan\AppData\Loc...}, goog:chromeOptions: {debuggerAddress: localhost:53684}, networkConnectionEnabled: false, pageLoadStrategy: normal, platformName: WINDOWS, proxy: Proxy(), se:cdp: ws://localhost:53684/devtoo..., se:cdpVersion: 102.0.5005.63, setWindowRect: true, strictFileInteractability: false, timeouts: {implicit: 0, pageLoad: 300000, script: 30000}, unhandledPromptBehavior: dismiss and notify, webauthn:extension:credBlob: true, webauthn:extension:largeBlob: true, webauthn:virtualAuthenticators: true}
Element: [[ChromeDriver: chrome on WINDOWS (def712d63b928ce6f4ed6725c4af5e7c)] -&amp;gt; xpath: //a[normalize-space(text() = &amp;apos;Use this address&amp;apos;)]]
Session ID: def712d63b928ce6f4ed6725c4af5e7c">
      <![CDATA[org.openqa.selenium.ElementClickInterceptedException: element click intercepted: Element <a class="a-link-normal" target="_blank" rel="noopener" href="/gp/help/customer/display.html?nodeId=201461830">...</a> is not clickable at point (159, 61). Other element would receive the click: <div id="a-popover-modal" style="display: block;"></div>
  (Session info: headless chrome=102.0.5005.63)
Build info: version: '4.3.0', revision: 'a4995e2c09*'
System info: host: 'KISHAN', ip: '192.168.0.102', os.name: 'Windows 11', os.arch: 'amd64', os.version: '10.0', java.version: '11.0.15.1'
Driver info: org.openqa.selenium.chrome.ChromeDriver
Command: [def712d63b928ce6f4ed6725c4af5e7c, clickElement {id=1955e908-4958-422a-aadd-b503af494f8b}]
Capabilities {acceptInsecureCerts: false, browserName: chrome, browserVersion: 102.0.5005.63, chrome: {chromedriverVersion: 102.0.5005.61 (0e59bcc00cc4..., userDataDir: C:\Users\kishan\AppData\Loc...}, goog:chromeOptions: {debuggerAddress: localhost:53684}, networkConnectionEnabled: false, pageLoadStrategy: normal, platformName: WINDOWS, proxy: Proxy(), se:cdp: ws://localhost:53684/devtoo..., se:cdpVersion: 102.0.5005.63, setWindowRect: true, strictFileInteractability: false, timeouts: {implicit: 0, pageLoad: 300000, script: 30000}, unhandledPromptBehavior: dismiss and notify, webauthn:extension:credBlob: true, webauthn:extension:largeBlob: true, webauthn:virtualAuthenticators: true}
Element: [[ChromeDriver: chrome on WINDOWS (def712d63b928ce6f4ed6725c4af5e7c)] -> xpath: //a[normalize-space(text() = 'Use this address')]]
Session ID: def712d63b928ce6f4ed6725c4af5e7c
at org.openqa.selenium.remote.codec.w3c.W3CHttpResponseCodec.createException(W3CHttpResponseCodec.java:200)
at org.openqa.selenium.remote.codec.w3c.W3CHttpResponseCodec.decode(W3CHttpResponseCodec.java:133)
at org.openqa.selenium.remote.codec.w3c.W3CHttpResponseCodec.decode(W3CHttpResponseCodec.java:53)
at org.openqa.selenium.remote.HttpCommandExecutor.execute(HttpCommandExecutor.java:184)
at org.openqa.selenium.remote.service.DriverCommandExecutor.invokeExecute(DriverCommandExecutor.java:167)
at org.openqa.selenium.remote.service.DriverCommandExecutor.execute(DriverCommandExecutor.java:142)
at org.openqa.selenium.remote.RemoteWebDriver.execute(RemoteWebDriver.java:569)
at org.openqa.selenium.remote.RemoteWebElement.execute(RemoteWebElement.java:257)
at org.openqa.selenium.remote.RemoteWebElement.click(RemoteWebElement.java:78)
at org.openqa.selenium.support.pagefactory.internal.LocatingElementHandler.invoke(LocatingElementHandler.java:52)
at com.sun.proxy.$Proxy33.click(Unknown Source)
at com.amazon.pages.BillingAddressPage.useThisAddressBtn(BillingAddressPage.java:21)
at com.amazon.testcases.PaymentGatewayPageTestCase.addMobileRechargeAndPerformPaymentWithDebitCard(PaymentGatewayPageTestCase.java:68)
at java.base/java.util.ArrayList.forEach(ArrayList.java:1541)
... Removed 34 stack frames]]>
    </failure>
  </testcase> <!-- addMobileRechargeAndPerformPaymentWithDebitCard -->
  <testcase classname="com.amazon.testcases.PaymentGatewayPageTestCase" name="removePaymentMethodDebitAndCreditCardTest" time="7.13"/>
  <testcase classname="com.amazon.testcases.ILovePdfComPageTestCase" name="UploadJpgImageAndDownloadAndDelete" time="0.0">
    <ignored/>
  </testcase> <!-- UploadJpgImageAndDownloadAndDelete -->
</testsuite> <!-- Test -->
