<?xml version="1.0" encoding="UTF-8"?>
<!-- Generated by org.testng.reporters.JUnitXMLReporter -->
<testsuite hostname="DESKTOP-J505A6L" ignored="0" name="Test" tests="10" failures="0" timestamp="2022-08-03T18:07:14 IST" time="311.019" errors="0">
  <testcase name="@AfterMethod tearDown" time="25.287" classname="com.amazon.testcases.MobileRechargePageTestCase">
    <failure type="org.openqa.selenium.WebDriverException" message="Timed out waiting for driver server to stop.
Build info: version: &amp;apos;4.3.0&amp;apos;, revision: &amp;apos;a4995e2c09*&amp;apos;
System info: host: &amp;apos;DESKTOP-J505A6L&amp;apos;, ip: &amp;apos;192.168.0.105&amp;apos;, os.name: &amp;apos;Windows 10&amp;apos;, os.arch: &amp;apos;amd64&amp;apos;, os.version: &amp;apos;10.0&amp;apos;, java.version: &amp;apos;1.8.0_333&amp;apos;
Driver info: org.openqa.selenium.chrome.ChromeDriver
Command: [64d19a983a3f8d2b5de668a2e5dedc45, quit {}]
Capabilities {acceptInsecureCerts: false, browserName: chrome, browserVersion: 102.0.5005.63, chrome: {chromedriverVersion: 102.0.5005.61 (0e59bcc00cc4..., userDataDir: C:\Users\Kishan\AppData\Loc...}, goog:chromeOptions: {debuggerAddress: localhost:50524}, networkConnectionEnabled: false, pageLoadStrategy: normal, platformName: WINDOWS, proxy: Proxy(), se:cdp: ws://localhost:50524/devtoo..., se:cdpVersion: 102.0.5005.63, setWindowRect: true, strictFileInteractability: false, timeouts: {implicit: 0, pageLoad: 300000, script: 30000}, unhandledPromptBehavior: dismiss and notify, webauthn:extension:credBlob: true, webauthn:extension:largeBlob: true, webauthn:virtualAuthenticators: true}
Session ID: 64d19a983a3f8d2b5de668a2e5dedc45">
      <![CDATA[org.openqa.selenium.WebDriverException: Timed out waiting for driver server to stop.
Build info: version: '4.3.0', revision: 'a4995e2c09*'
System info: host: 'DESKTOP-J505A6L', ip: '192.168.0.105', os.name: 'Windows 10', os.arch: 'amd64', os.version: '10.0', java.version: '1.8.0_333'
Driver info: org.openqa.selenium.chrome.ChromeDriver
Command: [64d19a983a3f8d2b5de668a2e5dedc45, quit {}]
Capabilities {acceptInsecureCerts: false, browserName: chrome, browserVersion: 102.0.5005.63, chrome: {chromedriverVersion: 102.0.5005.61 (0e59bcc00cc4..., userDataDir: C:\Users\Kishan\AppData\Loc...}, goog:chromeOptions: {debuggerAddress: localhost:50524}, networkConnectionEnabled: false, pageLoadStrategy: normal, platformName: WINDOWS, proxy: Proxy(), se:cdp: ws://localhost:50524/devtoo..., se:cdpVersion: 102.0.5005.63, setWindowRect: true, strictFileInteractability: false, timeouts: {implicit: 0, pageLoad: 300000, script: 30000}, unhandledPromptBehavior: dismiss and notify, webauthn:extension:credBlob: true, webauthn:extension:largeBlob: true, webauthn:virtualAuthenticators: true}
Session ID: 64d19a983a3f8d2b5de668a2e5dedc45
at org.openqa.selenium.remote.service.DriverCommandExecutor.execute(DriverCommandExecutor.java:132)
at org.openqa.selenium.remote.RemoteWebDriver.execute(RemoteWebDriver.java:569)
at org.openqa.selenium.remote.RemoteWebDriver.execute(RemoteWebDriver.java:624)
at org.openqa.selenium.remote.RemoteWebDriver.execute(RemoteWebDriver.java:628)
at org.openqa.selenium.remote.RemoteWebDriver.quit(RemoteWebDriver.java:465)
at org.openqa.selenium.chromium.ChromiumDriver.quit(ChromiumDriver.java:280)
at com.amazon.testcases.MobileRechargePageTestCase.tearDown(MobileRechargePageTestCase.java:51)
at java.util.ArrayList.forEach(Unknown Source)
Caused by: java.util.concurrent.ExecutionException: org.openqa.selenium.TimeoutException: Process timed out after waiting for 20000 ms.
Build info: version: '4.3.0', revision: 'a4995e2c09*'
System info: host: 'DESKTOP-J505A6L', ip: '192.168.0.105', os.name: 'Windows 10', os.arch: 'amd64', os.version: '10.0', java.version: '1.8.0_333'
Driver info: driver.version: unknown
at java.util.concurrent.CompletableFuture.reportGet(Unknown Source)
at java.util.concurrent.CompletableFuture.get(Unknown Source)
at org.openqa.selenium.remote.service.DriverCommandExecutor.execute(DriverCommandExecutor.java:128)
... 39 more
Caused by: org.openqa.selenium.TimeoutException: Process timed out after waiting for 20000 ms.
Build info: version: '4.3.0', revision: 'a4995e2c09*'
System info: host: 'DESKTOP-J505A6L', ip: '192.168.0.105', os.name: 'Windows 10', os.arch: 'amd64', os.version: '10.0', java.version: '1.8.0_333'
Driver info: driver.version: unknown
at org.openqa.selenium.os.OsProcess.waitFor(OsProcess.java:174)
at org.openqa.selenium.os.CommandLine.waitFor(CommandLine.java:114)
at org.openqa.selenium.remote.service.DriverCommandExecutor.lambda$execute$2(DriverCommandExecutor.java:122)
at java.util.concurrent.CompletableFuture$AsyncSupply.run(Unknown Source)
at java.util.concurrent.ThreadPoolExecutor.runWorker(Unknown Source)
at java.util.concurrent.ThreadPoolExecutor$Worker.run(Unknown Source)
at java.lang.Thread.run(Unknown Source)
... Removed 32 stack frames]]>
    </failure>
  </testcase> <!-- @AfterMethod tearDown -->
  <testcase name="verifyLoginPageTitleTest" time="0.777" classname="com.amazon.testcases.LoginPageTestCase"/>
  <testcase name="verifyLoginPageAmazonLogoTest" time="0.372" classname="com.amazon.testcases.LoginPageTestCase"/>
  <testcase name="verifyHomePageTitleTest" time="5.657" classname="com.amazon.testcases.HomePageTestCase"/>
  <testcase name="verifyLoggedInUserNameTest" time="5.632" classname="com.amazon.testcases.HomePageTestCase"/>
  <testcase name="verifyAmazonPayPageTitleTest" time="0.016" classname="com.amazon.testcases.AmazonPayPageTestCase"/>
  <testcase name="verifyAmazonPayPageImageTest" time="0.275" classname="com.amazon.testcases.AmazonPayPageTestCase"/>
  <testcase name="goToMobileRechargeIconTest" time="1.814" classname="com.amazon.testcases.AmazonPayPageTestCase"/>
  <testcase name="insertMobileRechargeDetailsTest" time="6.47" classname="com.amazon.testcases.MobileRechargePageTestCase"/>
  <testcase name="addMobileRechargeAndPerformPaymentWithDebitCard" time="42.217" classname="com.amazon.testcases.PaymentGatewayPageTestCase"/>
  <testcase name="removePaymentMethodDebitAndCreditCardTest" time="13.193" classname="com.amazon.testcases.PaymentGatewayPageTestCase"/>
</testsuite> <!-- Test -->
