<?xml version="1.0" encoding="UTF-8"?>
<!-- Generated by org.testng.reporters.JUnitXMLReporter -->
<testsuite hostname="DESKTOP-J505A6L" ignored="0" name="Test" tests="10" failures="0" timestamp="2022-08-01T17:17:50 IST" time="190.454" errors="0">
  <testcase name="verifyLoginPageTitleTest" time="0.056" classname="com.amazon.testcases.LoginPageTestCase"/>
  <testcase name="verifyLoginPageAmazonLogoTest" time="0.111" classname="com.amazon.testcases.LoginPageTestCase"/>
  <testcase name="verifyHomePageTitleTest" time="2.539" classname="com.amazon.testcases.HomePageTestCase"/>
  <testcase name="verifyLoggedInUserNameTest" time="3.005" classname="com.amazon.testcases.HomePageTestCase"/>
  <testcase name="verifyAmazonPayPageTitleTest" time="0.039" classname="com.amazon.testcases.AmazonPayPageTestCase"/>
  <testcase name="verifyAmazonPayPageImageTest" time="0.128" classname="com.amazon.testcases.AmazonPayPageTestCase"/>
  <testcase name="goToMobileRechargeIconTest" time="0.874" classname="com.amazon.testcases.AmazonPayPageTestCase"/>
  <testcase name="insertMobileRechargeDetailsTest" time="4.419" classname="com.amazon.testcases.MobileRechargePageTestCase"/>
  <testcase name="addMobileRechargeAndPerformPaymentWithDebitCard" time="32.79" classname="com.amazon.testcases.PaymentGatewayPageTestCase"/>
  <testcase name="removePaymentMethodDebitAndCreditCardTest" time="9.919" classname="com.amazon.testcases.PaymentGatewayPageTestCase"/>
</testsuite> <!-- Test -->
