<?xml version="1.0" encoding="UTF-8"?>
<!-- Generated by org.testng.reporters.JUnitXMLReporter -->
<testsuite hostname="DESKTOP-J505A6L" ignored="0" name="Test" tests="10" failures="0" timestamp="2022-07-29T19:28:38 IST" time="195.923" errors="0">
  <testcase name="verifyLoginPageTitleTest" time="0.067" classname="com.amazon.testcases.LoginPageTestCase"/>
  <testcase name="verifyLoginPageAmazonLogoTest" time="0.665" classname="com.amazon.testcases.LoginPageTestCase"/>
  <testcase name="verifyHomePageTitleTest" time="3.2" classname="com.amazon.testcases.HomePageTestCase"/>
  <testcase name="verifyLoggedInUserNameTest" time="3.48" classname="com.amazon.testcases.HomePageTestCase"/>
  <testcase name="verifyAmazonPayPageTitleTest" time="0.342" classname="com.amazon.testcases.AmazonPayPageTestCase"/>
  <testcase name="verifyAmazonPayPageImageTest" time="0.442" classname="com.amazon.testcases.AmazonPayPageTestCase"/>
  <testcase name="goToMobileRechargeIconTest" time="1.459" classname="com.amazon.testcases.AmazonPayPageTestCase"/>
  <testcase name="insertMobileRechargeDetailsTest" time="3.663" classname="com.amazon.testcases.MobileRechargePageTestCase"/>
  <testcase name="addMobileRechargeAndPerformPaymentWithDebitCard" time="43.486" classname="com.amazon.testcases.PaymentGatewayPageTestCase"/>
  <testcase name="removePaymentMethodDebitAndCreditCardTest" time="10.169" classname="com.amazon.testcases.PaymentGatewayPageTestCase"/>
</testsuite> <!-- Test -->
