<?xml version="1.0" encoding="UTF-8"?>
<!-- Generated by org.testng.reporters.JUnitXMLReporter -->
<testsuite hostname="DESKTOP-J505A6L" ignored="0" name="Test" tests="10" failures="1" timestamp="2022-07-30T19:12:03 IST" time="218.864" errors="0">
  <testcase name="verifyLoginPageTitleTest" time="0.041" classname="com.amazon.testcases.LoginPageTestCase"/>
  <testcase name="verifyLoginPageAmazonLogoTest" time="0.553" classname="com.amazon.testcases.LoginPageTestCase"/>
  <testcase name="verifyHomePageTitleTest" time="3.974" classname="com.amazon.testcases.HomePageTestCase"/>
  <testcase name="verifyLoggedInUserNameTest" time="6.331" classname="com.amazon.testcases.HomePageTestCase"/>
  <testcase name="verifyAmazonPayPageTitleTest" time="0.047" classname="com.amazon.testcases.AmazonPayPageTestCase"/>
  <testcase name="verifyAmazonPayPageImageTest" time="0.044" classname="com.amazon.testcases.AmazonPayPageTestCase"/>
  <testcase name="goToMobileRechargeIconTest" time="1.254" classname="com.amazon.testcases.AmazonPayPageTestCase"/>
  <testcase name="insertMobileRechargeDetailsTest" time="3.588" classname="com.amazon.testcases.MobileRechargePageTestCase">
    <failure type="java.lang.ArrayIndexOutOfBoundsException" message="1">
      <![CDATA[java.lang.ArrayIndexOutOfBoundsException: 1
at com.amazon.pages.MobileRechargePage.verifyRechargePlanAmount(MobileRechargePage.java:74)
at com.amazon.testcases.MobileRechargePageTestCase.insertMobileRechargeDetailsTest(MobileRechargePageTestCase.java:44)
at java.util.ArrayList.forEach(ArrayList.java:1259)
... Removed 31 stack frames]]>
    </failure>
  </testcase> <!-- insertMobileRechargeDetailsTest -->
  <testcase name="addMobileRechargeAndPerformPaymentWithDebitCard" time="33.068" classname="com.amazon.testcases.PaymentGatewayPageTestCase"/>
  <testcase name="removePaymentMethodDebitAndCreditCardTest" time="9.74" classname="com.amazon.testcases.PaymentGatewayPageTestCase"/>
</testsuite> <!-- Test -->
