<?xml version="1.0" encoding="UTF-8"?>
<!-- Generated by org.testng.reporters.JUnitXMLReporter -->
<testsuite ignored="1" hostname="Kishan" failures="0" tests="9" name="Test" time="99.956" errors="0" timestamp="2022-08-18T13:10:25 IST">
  <testcase classname="com.amazon.testcases.LoginPageTestCase" name="verifyLoginPageTitleTest" time="0.012"/>
  <testcase classname="com.amazon.testcases.LoginPageTestCase" name="verifyLoginPageAmazonLogoTest" time="0.038"/>
  <testcase classname="com.amazon.testcases.HomePageTestCase" name="verifyHomePageTitleTest" time="1.755"/>
  <testcase classname="com.amazon.testcases.HomePageTestCase" name="verifyLoggedInUserNameTest" time="1.743"/>
  <testcase classname="com.amazon.testcases.AmazonPayPageTestCase" name="verifyAmazonPayPageTitleTest" time="0.03"/>
  <testcase classname="com.amazon.testcases.AmazonPayPageTestCase" name="verifyAmazonPayPageImageTest" time="0.035"/>
  <testcase classname="com.amazon.testcases.AmazonPayPageTestCase" name="goToMobileRechargeIconTest" time="0.798"/>
  <testcase classname="com.amazon.testcases.MobileRechargePageTestCase" name="insertMobileRechargeDetailsTest" time="2.842"/>
  <testcase classname="com.amazon.testcases.PaymentGatewayPageTestCase" name="addMobileRechargeAndPerformPaymentWithDebitCard" time="25.886"/>
  <testcase classname="com.amazon.testcases.ILovePdfComPageTestCase" name="UploadJpgImageAndDownloadAndDelete" time="0.0">
    <ignored/>
  </testcase> <!-- UploadJpgImageAndDownloadAndDelete -->
</testsuite> <!-- Test -->
