<?xml version="1.0" encoding="UTF-8"?>
<testng-results skipped="0" failed="0" ignored="0" total="1" passed="1">
  <reporter-output>
  </reporter-output>
  <suite name="Suite" duration-ms="66984" started-at="2022-08-09T14:23:02 IST" finished-at="2022-08-09T14:24:09 IST">
    <groups>
    </groups>
    <test name="Test" duration-ms="66984" started-at="2022-08-09T14:23:02 IST" finished-at="2022-08-09T14:24:09 IST">
      <class name="com.amazon.testcases.ILovePdfComPageTestCase">
        <test-method status="PASS" signature="setUp()[pri:0, instance:com.amazon.testcases.ILovePdfComPageTestCase@1534f01b]" name="setUp" is-config="true" duration-ms="30064" started-at="2022-08-09T14:23:02 IST" finished-at="2022-08-09T14:23:32 IST">
          <reporter-output>
          </reporter-output>
        </test-method> <!-- setUp -->
        <test-method status="PASS" signature="UploadJpgImageAndDownloadAndDelete()[pri:1, instance:com.amazon.testcases.ILovePdfComPageTestCase@1534f01b]" name="UploadJpgImageAndDownloadAndDelete" duration-ms="33647" started-at="2022-08-09T14:23:32 IST" finished-at="2022-08-09T14:24:06 IST">
          <reporter-output>
          </reporter-output>
        </test-method> <!-- UploadJpgImageAndDownloadAndDelete -->
        <test-method status="PASS" signature="tearDown()[pri:0, instance:com.amazon.testcases.ILovePdfComPageTestCase@1534f01b]" name="tearDown" is-config="true" duration-ms="3191" started-at="2022-08-09T14:24:06 IST" finished-at="2022-08-09T14:24:09 IST">
          <reporter-output>
          </reporter-output>
        </test-method> <!-- tearDown -->
      </class> <!-- com.amazon.testcases.ILovePdfComPageTestCase -->
    </test> <!-- Test -->
  </suite> <!-- Suite -->
</testng-results>
