<?xml version="1.0" encoding="UTF-8"?>
<testng-results ignored="1" total="10" passed="9" failed="0" skipped="0">
  <reporter-output>
  </reporter-output>
  <suite started-at="2022-08-18T13:08:44 IST" name="Suite" finished-at="2022-08-18T13:10:24 IST" duration-ms="99956">
    <groups>
    </groups>
    <test started-at="2022-08-18T13:08:44 IST" name="Test" finished-at="2022-08-18T13:10:24 IST" duration-ms="99956">
      <class name="com.amazon.testcases.PaymentGatewayPageTestCase">
        <test-method is-config="true" signature="loginSetUp()[pri:0, instance:com.amazon.testcases.PaymentGatewayPageTestCase@22db8f4]" started-at="2022-08-18T13:09:53 IST" name="loginSetUp" finished-at="2022-08-18T13:09:58 IST" duration-ms="4855" status="PASS">
          <reporter-output>
          </reporter-output>
        </test-method> <!-- loginSetUp -->
        <test-method signature="addMobileRechargeAndPerformPaymentWithDebitCard()[pri:1, instance:com.amazon.testcases.PaymentGatewayPageTestCase@22db8f4]" started-at="2022-08-18T13:09:58 IST" name="addMobileRechargeAndPerformPaymentWithDebitCard" finished-at="2022-08-18T13:10:24 IST" duration-ms="25886" status="PASS">
          <reporter-output>
          </reporter-output>
        </test-method> <!-- addMobileRechargeAndPerformPaymentWithDebitCard -->
        <test-method is-config="true" signature="tearDown()[pri:0, instance:com.amazon.testcases.PaymentGatewayPageTestCase@22db8f4]" started-at="2022-08-18T13:10:24 IST" name="tearDown" finished-at="2022-08-18T13:10:24 IST" duration-ms="632" status="PASS">
          <reporter-output>
          </reporter-output>
        </test-method> <!-- tearDown -->
      </class> <!-- com.amazon.testcases.PaymentGatewayPageTestCase -->
      <class name="com.amazon.testcases.AmazonPayPageTestCase">
        <test-method is-config="true" signature="setUp()[pri:0, instance:com.amazon.testcases.AmazonPayPageTestCase@4593ff34]" started-at="2022-08-18T13:09:15 IST" name="setUp" finished-at="2022-08-18T13:09:23 IST" duration-ms="7944" status="PASS">
          <reporter-output>
          </reporter-output>
        </test-method> <!-- setUp -->
        <test-method signature="verifyAmazonPayPageTitleTest()[pri:1, instance:com.amazon.testcases.AmazonPayPageTestCase@4593ff34]" started-at="2022-08-18T13:09:23 IST" name="verifyAmazonPayPageTitleTest" finished-at="2022-08-18T13:09:23 IST" duration-ms="30" status="PASS">
          <reporter-output>
          </reporter-output>
        </test-method> <!-- verifyAmazonPayPageTitleTest -->
        <test-method is-config="true" signature="tearDown()[pri:0, instance:com.amazon.testcases.AmazonPayPageTestCase@4593ff34]" started-at="2022-08-18T13:09:23 IST" name="tearDown" finished-at="2022-08-18T13:09:23 IST" duration-ms="584" status="PASS">
          <reporter-output>
          </reporter-output>
        </test-method> <!-- tearDown -->
        <test-method is-config="true" signature="setUp()[pri:0, instance:com.amazon.testcases.AmazonPayPageTestCase@4593ff34]" started-at="2022-08-18T13:09:23 IST" name="setUp" finished-at="2022-08-18T13:09:30 IST" duration-ms="7323" status="PASS">
          <reporter-output>
          </reporter-output>
        </test-method> <!-- setUp -->
        <test-method signature="verifyAmazonPayPageImageTest()[pri:2, instance:com.amazon.testcases.AmazonPayPageTestCase@4593ff34]" started-at="2022-08-18T13:09:30 IST" name="verifyAmazonPayPageImageTest" finished-at="2022-08-18T13:09:30 IST" duration-ms="35" status="PASS">
          <reporter-output>
          </reporter-output>
        </test-method> <!-- verifyAmazonPayPageImageTest -->
        <test-method is-config="true" signature="tearDown()[pri:0, instance:com.amazon.testcases.AmazonPayPageTestCase@4593ff34]" started-at="2022-08-18T13:09:30 IST" name="tearDown" finished-at="2022-08-18T13:09:31 IST" duration-ms="604" status="PASS">
          <reporter-output>
          </reporter-output>
        </test-method> <!-- tearDown -->
        <test-method is-config="true" signature="setUp()[pri:0, instance:com.amazon.testcases.AmazonPayPageTestCase@4593ff34]" started-at="2022-08-18T13:09:31 IST" name="setUp" finished-at="2022-08-18T13:09:39 IST" duration-ms="7946" status="PASS">
          <reporter-output>
          </reporter-output>
        </test-method> <!-- setUp -->
        <test-method signature="goToMobileRechargeIconTest()[pri:3, instance:com.amazon.testcases.AmazonPayPageTestCase@4593ff34]" started-at="2022-08-18T13:09:39 IST" name="goToMobileRechargeIconTest" finished-at="2022-08-18T13:09:40 IST" duration-ms="798" status="PASS">
          <reporter-output>
          </reporter-output>
        </test-method> <!-- goToMobileRechargeIconTest -->
        <test-method is-config="true" signature="tearDown()[pri:0, instance:com.amazon.testcases.AmazonPayPageTestCase@4593ff34]" started-at="2022-08-18T13:09:40 IST" name="tearDown" finished-at="2022-08-18T13:09:40 IST" duration-ms="593" status="PASS">
          <reporter-output>
          </reporter-output>
        </test-method> <!-- tearDown -->
      </class> <!-- com.amazon.testcases.AmazonPayPageTestCase -->
      <class name="com.amazon.testcases.LoginPageTestCase">
        <test-method is-config="true" signature="setUp()[pri:0, instance:com.amazon.testcases.LoginPageTestCase@5ea502e0]" started-at="2022-08-18T13:08:44 IST" name="setUp" finished-at="2022-08-18T13:08:54 IST" duration-ms="9900" status="PASS">
          <reporter-output>
          </reporter-output>
        </test-method> <!-- setUp -->
        <test-method signature="verifyLoginPageTitleTest()[pri:1, instance:com.amazon.testcases.LoginPageTestCase@5ea502e0]" started-at="2022-08-18T13:08:54 IST" name="verifyLoginPageTitleTest" finished-at="2022-08-18T13:08:54 IST" duration-ms="12" status="PASS">
          <reporter-output>
          </reporter-output>
        </test-method> <!-- verifyLoginPageTitleTest -->
        <test-method is-config="true" signature="tearDown()[pri:0, instance:com.amazon.testcases.LoginPageTestCase@5ea502e0]" started-at="2022-08-18T13:08:54 IST" name="tearDown" finished-at="2022-08-18T13:08:55 IST" duration-ms="614" status="PASS">
          <reporter-output>
          </reporter-output>
        </test-method> <!-- tearDown -->
        <test-method is-config="true" signature="setUp()[pri:0, instance:com.amazon.testcases.LoginPageTestCase@5ea502e0]" started-at="2022-08-18T13:08:55 IST" name="setUp" finished-at="2022-08-18T13:08:59 IST" duration-ms="4015" status="PASS">
          <reporter-output>
          </reporter-output>
        </test-method> <!-- setUp -->
        <test-method signature="verifyLoginPageAmazonLogoTest()[pri:2, instance:com.amazon.testcases.LoginPageTestCase@5ea502e0]" started-at="2022-08-18T13:08:59 IST" name="verifyLoginPageAmazonLogoTest" finished-at="2022-08-18T13:08:59 IST" duration-ms="38" status="PASS">
          <reporter-output>
          </reporter-output>
        </test-method> <!-- verifyLoginPageAmazonLogoTest -->
        <test-method is-config="true" signature="tearDown()[pri:0, instance:com.amazon.testcases.LoginPageTestCase@5ea502e0]" started-at="2022-08-18T13:08:59 IST" name="tearDown" finished-at="2022-08-18T13:09:00 IST" duration-ms="582" status="PASS">
          <reporter-output>
          </reporter-output>
        </test-method> <!-- tearDown -->
      </class> <!-- com.amazon.testcases.LoginPageTestCase -->
      <class name="com.amazon.testcases.HomePageTestCase">
        <test-method is-config="true" signature="setUp()[pri:0, instance:com.amazon.testcases.HomePageTestCase@27f9e982]" started-at="2022-08-18T13:09:00 IST" name="setUp" finished-at="2022-08-18T13:09:04 IST" duration-ms="4949" status="PASS">
          <reporter-output>
          </reporter-output>
        </test-method> <!-- setUp -->
        <test-method signature="verifyHomePageTitleTest()[pri:1, instance:com.amazon.testcases.HomePageTestCase@27f9e982]" started-at="2022-08-18T13:09:04 IST" name="verifyHomePageTitleTest" finished-at="2022-08-18T13:09:06 IST" duration-ms="1755" status="PASS">
          <reporter-output>
          </reporter-output>
        </test-method> <!-- verifyHomePageTitleTest -->
        <test-method is-config="true" signature="tearDown()[pri:0, instance:com.amazon.testcases.HomePageTestCase@27f9e982]" started-at="2022-08-18T13:09:06 IST" name="tearDown" finished-at="2022-08-18T13:09:07 IST" duration-ms="594" status="PASS">
          <reporter-output>
          </reporter-output>
        </test-method> <!-- tearDown -->
        <test-method is-config="true" signature="setUp()[pri:0, instance:com.amazon.testcases.HomePageTestCase@27f9e982]" started-at="2022-08-18T13:09:07 IST" name="setUp" finished-at="2022-08-18T13:09:12 IST" duration-ms="5374" status="PASS">
          <reporter-output>
          </reporter-output>
        </test-method> <!-- setUp -->
        <test-method signature="verifyLoggedInUserNameTest()[pri:2, instance:com.amazon.testcases.HomePageTestCase@27f9e982]" started-at="2022-08-18T13:09:12 IST" name="verifyLoggedInUserNameTest" finished-at="2022-08-18T13:09:14 IST" duration-ms="1743" status="PASS">
          <reporter-output>
          </reporter-output>
        </test-method> <!-- verifyLoggedInUserNameTest -->
        <test-method is-config="true" signature="tearDown()[pri:0, instance:com.amazon.testcases.HomePageTestCase@27f9e982]" started-at="2022-08-18T13:09:14 IST" name="tearDown" finished-at="2022-08-18T13:09:15 IST" duration-ms="601" status="PASS">
          <reporter-output>
          </reporter-output>
        </test-method> <!-- tearDown -->
      </class> <!-- com.amazon.testcases.HomePageTestCase -->
      <class name="com.amazon.testcases.MobileRechargePageTestCase">
        <test-method is-config="true" signature="setUp()[pri:0, instance:com.amazon.testcases.MobileRechargePageTestCase@581d969c]" started-at="2022-08-18T13:09:40 IST" name="setUp" finished-at="2022-08-18T13:09:49 IST" duration-ms="9069" status="PASS">
          <reporter-output>
          </reporter-output>
        </test-method> <!-- setUp -->
        <test-method signature="insertMobileRechargeDetailsTest()[pri:1, instance:com.amazon.testcases.MobileRechargePageTestCase@581d969c]" started-at="2022-08-18T13:09:49 IST" name="insertMobileRechargeDetailsTest" finished-at="2022-08-18T13:09:52 IST" duration-ms="2842" status="PASS">
          <reporter-output>
          </reporter-output>
        </test-method> <!-- insertMobileRechargeDetailsTest -->
        <test-method is-config="true" signature="tearDown()[pri:0, instance:com.amazon.testcases.MobileRechargePageTestCase@581d969c]" started-at="2022-08-18T13:09:52 IST" name="tearDown" finished-at="2022-08-18T13:09:53 IST" duration-ms="594" status="PASS">
          <reporter-output>
          </reporter-output>
        </test-method> <!-- tearDown -->
      </class> <!-- com.amazon.testcases.MobileRechargePageTestCase -->
    </test> <!-- Test -->
  </suite> <!-- Suite -->
</testng-results>
