<?xml version="1.0" encoding="UTF-8"?>
<testng-results ignored="0" total="1" passed="1" failed="0" skipped="0">
  <reporter-output>
  </reporter-output>
  <suite started-at="2022-08-18T12:57:54 IST" name="Default suite" finished-at="2022-08-18T12:58:31 IST" duration-ms="36805">
    <groups>
    </groups>
    <test started-at="2022-08-18T12:57:54 IST" name="Default test" finished-at="2022-08-18T12:58:31 IST" duration-ms="36805">
      <class name="com.amazon.testcases.PaymentGatewayPageTestCase">
        <test-method is-config="true" signature="loginSetUp()[pri:0, instance:com.amazon.testcases.PaymentGatewayPageTestCase@1af2d44a]" started-at="2022-08-18T12:57:55 IST" name="loginSetUp" finished-at="2022-08-18T12:58:02 IST" duration-ms="7418" status="PASS">
          <reporter-output>
          </reporter-output>
        </test-method> <!-- loginSetUp -->
        <test-method signature="addMobileRechargeAndPerformPaymentWithDebitCard()[pri:1, instance:com.amazon.testcases.PaymentGatewayPageTestCase@1af2d44a]" started-at="2022-08-18T12:58:02 IST" name="addMobileRechargeAndPerformPaymentWithDebitCard" finished-at="2022-08-18T12:58:31 IST" duration-ms="28655" status="PASS">
          <reporter-output>
          </reporter-output>
        </test-method> <!-- addMobileRechargeAndPerformPaymentWithDebitCard -->
        <test-method is-config="true" signature="tearDown()[pri:0, instance:com.amazon.testcases.PaymentGatewayPageTestCase@1af2d44a]" started-at="2022-08-18T12:58:31 IST" name="tearDown" finished-at="2022-08-18T12:58:31 IST" duration-ms="705" status="PASS">
          <reporter-output>
          </reporter-output>
        </test-method> <!-- tearDown -->
      </class> <!-- com.amazon.testcases.PaymentGatewayPageTestCase -->
    </test> <!-- Default test -->
  </suite> <!-- Default suite -->
</testng-results>
