<?xml version="1.0" encoding="UTF-8"?>
<testng-results skipped="0" failed="0" ignored="0" total="1" passed="1">
  <reporter-output>
  </reporter-output>
  <suite name="Suite" duration-ms="37341" started-at="2022-08-06T19:04:23 IST" finished-at="2022-08-06T19:05:00 IST">
    <groups>
    </groups>
    <test name="Test" duration-ms="37341" started-at="2022-08-06T19:04:23 IST" finished-at="2022-08-06T19:05:00 IST">
      <class name="com.amazon.testcases.ILovePdfComPageTestCase">
        <test-method status="PASS" signature="setUp()[pri:0, instance:com.amazon.testcases.ILovePdfComPageTestCase@647e447]" name="setUp" is-config="true" duration-ms="15105" started-at="2022-08-06T19:04:23 IST" finished-at="2022-08-06T19:04:38 IST">
          <reporter-output>
          </reporter-output>
        </test-method> <!-- setUp -->
        <test-method status="PASS" signature="UploadJpgImage()[pri:1, instance:com.amazon.testcases.ILovePdfComPageTestCase@647e447]" name="UploadJpgImage" duration-ms="21040" started-at="2022-08-06T19:04:38 IST" finished-at="2022-08-06T19:04:59 IST">
          <reporter-output>
          </reporter-output>
        </test-method> <!-- UploadJpgImage -->
        <test-method status="PASS" signature="tearDown()[pri:0, instance:com.amazon.testcases.ILovePdfComPageTestCase@647e447]" name="tearDown" is-config="true" duration-ms="1128" started-at="2022-08-06T19:04:59 IST" finished-at="2022-08-06T19:05:00 IST">
          <reporter-output>
          </reporter-output>
        </test-method> <!-- tearDown -->
      </class> <!-- com.amazon.testcases.ILovePdfComPageTestCase -->
    </test> <!-- Test -->
  </suite> <!-- Suite -->
</testng-results>
